<?xml version="1.0" encoding="UTF-8"?>
<testng-results skipped="0" failed="0" total="2" passed="2">
  <reporter-output>
  </reporter-output>
  <suite name="com.prices.AppTest" duration-ms="214" started-at="2019-03-24T19:32:28Z" finished-at="2019-03-24T19:32:28Z">
    <groups>
    </groups>
    <test name="Command line test" duration-ms="214" started-at="2019-03-24T19:32:28Z" finished-at="2019-03-24T19:32:28Z">
      <class name="com.prices.AppTest">
        <test-method status="PASS" signature="testApplicationCreatesFile()[pri:0, instance:com.prices.AppTest@129a8472]" name="testApplicationCreatesFile" duration-ms="197" started-at="2019-03-24T15:32:28Z" finished-at="2019-03-24T15:32:28Z">
          <reporter-output>
          </reporter-output>
        </test-method> <!-- testApplicationCreatesFile -->
        <test-method status="PASS" signature="testApplicationCreatedFileWithFourLines()[pri:0, instance:com.prices.AppTest@129a8472]" name="testApplicationCreatedFileWithFourLines" duration-ms="0" started-at="2019-03-24T15:32:28Z" depends-on-methods="com.prices.AppTest.testApplicationCreatesFile" finished-at="2019-03-24T15:32:28Z">
          <reporter-output>
          </reporter-output>
        </test-method> <!-- testApplicationCreatedFileWithFourLines -->
      </class> <!-- com.prices.AppTest -->
    </test> <!-- Command line test -->
  </suite> <!-- com.prices.AppTest -->
</testng-results>
